  [4;36;1mSQL (0.2ms)[0m   [0;1mSET NAMES 'utf8'[0m
  [4;35;1mSQL (0.1ms)[0m   [0mSET SQL_AUTO_IS_NULL=0[0m
  [4;36;1mSQL (0.3ms)[0m   [0;1mSHOW TABLES[0m
  [4;35;1mSQL (47.2ms)[0m   [0mCREATE TABLE `schema_migrations` (`version` varchar(255) NOT NULL) ENGINE=InnoDB[0m
  [4;36;1mSQL (43.1ms)[0m   [0;1mCREATE UNIQUE INDEX `unique_schema_migrations` ON `schema_migrations` (`version`)[0m
  [4;35;1mSQL (0.3ms)[0m   [0mSHOW TABLES[0m
  [4;36;1mSQL (0.2ms)[0m   [0;1mSELECT version FROM schema_migrations[0m
Migrating to CreateUsers (20091027204826)
  [4;35;1mSQL (2.0ms)[0m   [0mCREATE TABLE `users` (`id` int(11) DEFAULT NULL auto_increment PRIMARY KEY, `username` varchar(255), `email` varchar(255), `password` varchar(255), `first_name` varchar(255), `last_name` varchar(255), `created_at` datetime, `updated_at` datetime) ENGINE=InnoDB[0m
  [4;36;1mSQL (0.7ms)[0m   [0;1mINSERT INTO schema_migrations (version) VALUES ('20091027204826')[0m
Migrating to CreateBlogs (20091027210023)
  [4;35;1mSQL (1.7ms)[0m   [0mCREATE TABLE `blogs` (`id` int(11) DEFAULT NULL auto_increment PRIMARY KEY, `title` varchar(255), `created_at` datetime, `updated_at` datetime) ENGINE=InnoDB[0m
  [4;36;1mSQL (0.6ms)[0m   [0;1mINSERT INTO schema_migrations (version) VALUES ('20091027210023')[0m
Migrating to CreatePosts (20091027210157)
  [4;35;1mSQL (1.9ms)[0m   [0mCREATE TABLE `posts` (`id` int(11) DEFAULT NULL auto_increment PRIMARY KEY, `title` varchar(255), `body` text, `author_id` int(11), `parent_id` int(11), `parent_type` varchar(255), `created_at` datetime, `updated_at` datetime) ENGINE=InnoDB[0m
  [4;36;1mSQL (0.6ms)[0m   [0;1mINSERT INTO schema_migrations (version) VALUES ('20091027210157')[0m
Migrating to CreatePhotoGalleries (20091027210254)
  [4;35;1mSQL (1.6ms)[0m   [0mCREATE TABLE `photo_galleries` (`id` int(11) DEFAULT NULL auto_increment PRIMARY KEY, `title` varchar(255), `body` text, `owner_id` int(11), `created_at` datetime, `updated_at` datetime) ENGINE=InnoDB[0m
  [4;36;1mSQL (0.6ms)[0m   [0;1mINSERT INTO schema_migrations (version) VALUES ('20091027210254')[0m
Migrating to CreatePhotos (20091027211055)
  [4;35;1mSQL (17.5ms)[0m   [0mCREATE TABLE `photos` (`id` int(11) DEFAULT NULL auto_increment PRIMARY KEY, `parent_id` int(11), `parent_type` varchar(255), `owner_id` int(11), `photo_file_name` varchar(255), `photo_content_type` varchar(255), `photo_file_size` int(11), `photo_updated_at` datetime, `title` varchar(255), `created_at` datetime, `updated_at` datetime) ENGINE=InnoDB[0m
  [4;36;1mSQL (0.8ms)[0m   [0;1mINSERT INTO schema_migrations (version) VALUES ('20091027211055')[0m
  [4;35;1mSQL (0.3ms)[0m   [0mSHOW TABLES[0m
  [4;36;1mSQL (0.2ms)[0m   [0;1mSELECT version FROM schema_migrations[0m
  [4;35;1mSQL (0.2ms)[0m   [0mSHOW TABLES[0m
  [4;36;1mSQL (1.4ms)[0m   [0;1mSHOW FIELDS FROM `blogs`[0m
  [4;35;1mSQL (2.0ms)[0m   [0mdescribe `blogs`[0m
  [4;36;1mSQL (1.9ms)[0m   [0;1mSHOW KEYS FROM `blogs`[0m
  [4;35;1mSQL (1.6ms)[0m   [0mSHOW FIELDS FROM `photo_galleries`[0m
  [4;36;1mSQL (1.8ms)[0m   [0;1mdescribe `photo_galleries`[0m
  [4;35;1mSQL (0.9ms)[0m   [0mSHOW KEYS FROM `photo_galleries`[0m
  [4;36;1mSQL (1.6ms)[0m   [0;1mSHOW FIELDS FROM `photos`[0m
  [4;35;1mSQL (2.0ms)[0m   [0mdescribe `photos`[0m
  [4;36;1mSQL (0.9ms)[0m   [0;1mSHOW KEYS FROM `photos`[0m
  [4;35;1mSQL (1.4ms)[0m   [0mSHOW FIELDS FROM `posts`[0m
  [4;36;1mSQL (2.0ms)[0m   [0;1mdescribe `posts`[0m
  [4;35;1mSQL (0.8ms)[0m   [0mSHOW KEYS FROM `posts`[0m
  [4;36;1mSQL (1.3ms)[0m   [0;1mSHOW FIELDS FROM `users`[0m
  [4;35;1mSQL (1.8ms)[0m   [0mdescribe `users`[0m
  [4;36;1mSQL (1.6ms)[0m   [0;1mSHOW KEYS FROM `users`[0m
  [4;36;1mSQL (0.2ms)[0m   [0;1mSET NAMES 'utf8'[0m
  [4;35;1mSQL (0.1ms)[0m   [0mSET SQL_AUTO_IS_NULL=0[0m


Processing SiteController#index (for 127.0.0.1 at 2009-10-27 14:43:52) [GET]
  Parameters: {"action"=>"index", "controller"=>"site"}
Rendering template within layouts/application
Rendering site/index
  [4;36;1mUser Columns (1.8ms)[0m   [0;1mSHOW FIELDS FROM `users`[0m
Completed in 64ms (View: 60, DB: 2) | 200 OK [http://frenzic.com/]
  [4;35;1mSQL (0.1ms)[0m   [0mSET NAMES 'utf8'[0m
  [4;36;1mSQL (0.1ms)[0m   [0;1mSET SQL_AUTO_IS_NULL=0[0m


Processing SiteController#index (for 127.0.0.1 at 2009-10-27 14:44:58) [GET]
  Parameters: {"action"=>"index", "controller"=>"site"}
Rendering template within layouts/application
Rendering site/index
  [4;35;1mUser Columns (1.6ms)[0m   [0mSHOW FIELDS FROM `users`[0m
Completed in 14ms (View: 11, DB: 2) | 200 OK [http://frenzic.com/]
  [4;36;1mSQL (0.1ms)[0m   [0;1mSET NAMES 'utf8'[0m
  [4;35;1mSQL (0.3ms)[0m   [0mSET SQL_AUTO_IS_NULL=0[0m


Processing SiteController#index (for 127.0.0.1 at 2009-10-27 14:45:00) [GET]
  Parameters: {"action"=>"index", "controller"=>"site"}
Rendering template within layouts/application
Rendering site/index
  [4;36;1mUser Columns (1.5ms)[0m   [0;1mSHOW FIELDS FROM `users`[0m
Completed in 11ms (View: 8, DB: 2) | 200 OK [http://frenzic.com/]
  [4;35;1mSQL (0.1ms)[0m   [0mSET NAMES 'utf8'[0m
  [4;36;1mSQL (0.1ms)[0m   [0;1mSET SQL_AUTO_IS_NULL=0[0m


Processing UsersController#new (for 127.0.0.1 at 2009-10-27 14:45:41) [GET]
  Parameters: {"action"=>"new", "controller"=>"users"}
  [4;35;1mUser Columns (1.9ms)[0m   [0mSHOW FIELDS FROM `users`[0m
Rendering template within layouts/application
Rendering users/new

ActionView::TemplateError (undefined method `title' for #<ActionView::Base:0x256e1c0>) on line #1 of app/views/users/new.html.erb:
1: <% title "New User" %>
2: 
3: <%= render :partial => 'form' %>

    app/views/users/new.html.erb:1

Rendered rescues/_trace (37.0ms)
Rendered rescues/_request_and_response (1.3ms)
Rendering rescues/layout (internal_server_error)
  [4;36;1mSQL (0.1ms)[0m   [0;1mSET NAMES 'utf8'[0m
  [4;35;1mSQL (0.1ms)[0m   [0mSET SQL_AUTO_IS_NULL=0[0m


Processing UsersController#new (for 127.0.0.1 at 2009-10-27 14:46:17) [GET]
  Parameters: {"action"=>"new", "controller"=>"users"}
  [4;36;1mUser Columns (1.5ms)[0m   [0;1mSHOW FIELDS FROM `users`[0m
Rendering template within layouts/application
Rendering users/new

ActionView::TemplateError (undefined method `title' for #<ActionView::Base:0x23128f4>) on line #1 of app/views/users/new.html.erb:
1: <%= title "New User" %>
2: 
3: <%= render :partial => 'form' %>

    app/views/users/new.html.erb:1

Rendered rescues/_trace (33.7ms)
Rendered rescues/_request_and_response (0.2ms)
Rendering rescues/layout (internal_server_error)
  [4;35;1mSQL (0.1ms)[0m   [0mSET NAMES 'utf8'[0m
  [4;36;1mSQL (0.1ms)[0m   [0;1mSET SQL_AUTO_IS_NULL=0[0m


Processing UsersController#new (for 127.0.0.1 at 2009-10-27 14:56:34) [GET]
  Parameters: {"action"=>"new", "controller"=>"users"}
  [4;35;1mUser Columns (1.8ms)[0m   [0mSHOW FIELDS FROM `users`[0m
Rendering template within layouts/application
Rendering users/new

ActionView::TemplateError (undefined method `password_confirmation' for #<User:0x24ed9f8>) on line #17 of app/views/users/_form.html.erb:
14:   </p>
15:   <p>
16:     <%= f.label :password_confirmation %><br />
17:     <%= f.password_field :password_confirmation %>
18:   </p>
19:   <p><%= f.submit "Submit" %></p>
20: <% end %>

    app/views/users/_form.html.erb:17
    app/views/users/_form.html.erb:1
    app/views/users/new.html.erb:3

Rendered rescues/_trace (107.9ms)
Rendered rescues/_request_and_response (0.3ms)
Rendering rescues/layout (internal_server_error)
  [4;36;1mSQL (0.1ms)[0m   [0;1mSET NAMES 'utf8'[0m
  [4;35;1mSQL (0.1ms)[0m   [0mSET SQL_AUTO_IS_NULL=0[0m


Processing UsersController#new (for 127.0.0.1 at 2009-10-27 14:56:59) [GET]
  Parameters: {"action"=>"new", "controller"=>"users"}
  [4;36;1mUser Columns (1.5ms)[0m   [0;1mSHOW FIELDS FROM `users`[0m
Rendering template within layouts/application
Rendering users/new

ActionView::TemplateError (undefined method `password_confirmation' for #<User:0x25fa418>) on line #17 of app/views/users/_form.html.erb:
14:   </p>
15:   <p>
16:     <%= f.label :password_confirmation %><br />
17:     <%= f.password_field :password_confirmation %>
18:   </p>
19:   <p><%= f.submit "Submit" %></p>
20: <% end %>

    app/views/users/_form.html.erb:17
    app/views/users/_form.html.erb:1
    app/views/users/new.html.erb:3

Rendered rescues/_trace (44.5ms)
Rendered rescues/_request_and_response (0.3ms)
Rendering rescues/layout (internal_server_error)
  [4;35;1mSQL (0.2ms)[0m   [0mSET NAMES 'utf8'[0m
  [4;36;1mSQL (0.1ms)[0m   [0;1mSET SQL_AUTO_IS_NULL=0[0m


Processing UsersController#new (for 127.0.0.1 at 2009-10-27 14:57:14) [GET]
  Parameters: {"action"=>"new", "controller"=>"users"}
  [4;35;1mUser Columns (2.6ms)[0m   [0mSHOW FIELDS FROM `users`[0m
Rendering template within layouts/application
Rendering users/new

ActionView::TemplateError (undefined method `password_confirmation' for #<User:0x23771f0>) on line #17 of app/views/users/_form.html.erb:
14:   </p>
15:   <p>
16:     <%= f.label :password_confirmation %><br />
17:     <%= f.password_field :password_confirmation %>
18:   </p>
19:   <p><%= f.submit "Submit" %></p>
20: <% end %>

    app/views/users/_form.html.erb:17
    app/views/users/_form.html.erb:1
    app/views/users/new.html.erb:3

Rendered rescues/_trace (103.8ms)
Rendered rescues/_request_and_response (0.2ms)
Rendering rescues/layout (internal_server_error)
  [4;36;1mSQL (0.1ms)[0m   [0;1mSET NAMES 'utf8'[0m
  [4;35;1mSQL (0.8ms)[0m   [0mSET SQL_AUTO_IS_NULL=0[0m


Processing UsersController#new (for 127.0.0.1 at 2009-10-27 14:57:43) [GET]
  Parameters: {"action"=>"new", "controller"=>"users"}
  [4;36;1mUser Columns (1.9ms)[0m   [0;1mSHOW FIELDS FROM `users`[0m
Rendering template within layouts/application
Rendering users/new
Rendered users/_form (2.4ms)

ActionView::TemplateError (undefined method `stylesheet_include_tag' for #<ActionView::Base:0x253c378>) on line #6 of app/views/layouts/application.html.erb:
3: <html xmlns="http://www.w3.org/1999/xhtml" xmlns:fb="http://www.facebook.com/2008/fbml" xml:lang="en" lang="en">
4: <head>
5:   
6:   <% stylesheet_include_tag :application %>
7:   <% javascript_include_tag :defaults %>
8: 
9:   <% javascript_tag do %>

    app/views/layouts/application.html.erb:6

Rendered rescues/_trace (33.0ms)
Rendered rescues/_request_and_response (0.2ms)
Rendering rescues/layout (internal_server_error)
  [4;35;1mSQL (0.1ms)[0m   [0mSET NAMES 'utf8'[0m
  [4;36;1mSQL (0.1ms)[0m   [0;1mSET SQL_AUTO_IS_NULL=0[0m


Processing UsersController#new (for 127.0.0.1 at 2009-10-27 14:58:15) [GET]
  Parameters: {"action"=>"new", "controller"=>"users"}
  [4;35;1mUser Columns (1.6ms)[0m   [0mSHOW FIELDS FROM `users`[0m
Rendering template within layouts/application
Rendering users/new
Rendered users/_form (2.5ms)

ActionView::TemplateError (No expansion found for :application) on line #6 of app/views/layouts/application.html.erb:
3: <html xmlns="http://www.w3.org/1999/xhtml" xmlns:fb="http://www.facebook.com/2008/fbml" xml:lang="en" lang="en">
4: <head>
5:   
6:   <%= stylesheet_link_tag :application %>
7:   <%= javascript_include_tag :defaults %>
8: 
9:   <% javascript_tag do %>

    app/views/layouts/application.html.erb:6

Rendered rescues/_trace (35.0ms)
Rendered rescues/_request_and_response (0.2ms)
Rendering rescues/layout (internal_server_error)
  [4;36;1mSQL (0.1ms)[0m   [0;1mSET NAMES 'utf8'[0m
  [4;35;1mSQL (0.1ms)[0m   [0mSET SQL_AUTO_IS_NULL=0[0m


Processing UsersController#new (for 127.0.0.1 at 2009-10-27 14:58:30) [GET]
  Parameters: {"action"=>"new", "controller"=>"users"}
  [4;36;1mUser Columns (1.6ms)[0m   [0;1mSHOW FIELDS FROM `users`[0m
Rendering template within layouts/application
Rendering users/new
Rendered users/_form (2.7ms)
Completed in 18ms (View: 10, DB: 2) | 200 OK [http://frenzic.com/users/new]
  [4;35;1mSQL (0.1ms)[0m   [0mSET NAMES 'utf8'[0m
  [4;36;1mSQL (0.1ms)[0m   [0;1mSET SQL_AUTO_IS_NULL=0[0m


Processing UsersController#new (for 127.0.0.1 at 2009-10-27 15:01:20) [GET]
  Parameters: {"action"=>"new", "controller"=>"users"}
  [4;35;1mUser Columns (1.5ms)[0m   [0mSHOW FIELDS FROM `users`[0m
Rendering template within layouts/application
Rendering users/new
Rendered users/_form (2.4ms)
Completed in 17ms (View: 10, DB: 2) | 200 OK [http://frenzic.com/users/new]
  [4;36;1mSQL (0.1ms)[0m   [0;1mSET NAMES 'utf8'[0m
  [4;35;1mSQL (0.1ms)[0m   [0mSET SQL_AUTO_IS_NULL=0[0m


Processing UsersController#create (for 127.0.0.1 at 2009-10-27 15:04:22) [POST]
  Parameters: {"user"=>{"password_confirmation"=>"[FILTERED]", "username"=>"jmoline", "password"=>"[FILTERED]", "email"=>"jmoline@gmail.com"}, "commit"=>"Submit", "action"=>"create", "authenticity_token"=>"94/Lkc80uLcYgmHnbeDbdDA5kYLln3drl9za3CDvsLs=", "controller"=>"users"}
  [4;36;1mUser Columns (2.0ms)[0m   [0;1mSHOW FIELDS FROM `users`[0m
  [4;35;1mSQL (0.1ms)[0m   [0mBEGIN[0m
  [4;36;1mSQL (0.1ms)[0m   [0;1mROLLBACK[0m

NameError (undefined local variable or method `persistence_token' for #<User:0x2323438>):
  authlogic (2.1.2) lib/authlogic/acts_as_authentic/persistence_token.rb:62:in `reset_persistence_token?'
  app/controllers/users_controller.rb:8:in `create'

Rendered rescues/_trace (95.8ms)
Rendered rescues/_request_and_response (0.3ms)
Rendering rescues/layout (internal_server_error)
  [4;36;1mSQL (0.2ms)[0m   [0;1mSET NAMES 'utf8'[0m
  [4;35;1mSQL (0.1ms)[0m   [0mSET SQL_AUTO_IS_NULL=0[0m
  [4;36;1mSQL (0.3ms)[0m   [0;1mSHOW TABLES[0m
  [4;35;1mSQL (0.2ms)[0m   [0mSELECT version FROM schema_migrations[0m
  [4;36;1mSQL (1.3ms)[0m   [0;1mDROP TABLE `users`[0m
  [4;35;1mSQL (33.5ms)[0m   [0mDELETE FROM schema_migrations WHERE version = '20091027204826'[0m
  [4;36;1mSQL (0.4ms)[0m   [0;1mSHOW TABLES[0m
  [4;35;1mSQL (0.2ms)[0m   [0mSELECT version FROM schema_migrations[0m
  [4;36;1mSQL (0.4ms)[0m   [0;1mSHOW TABLES[0m
  [4;35;1mSQL (78.2ms)[0m   [0mSHOW FIELDS FROM `blogs`[0m
  [4;36;1mSQL (1.6ms)[0m   [0;1mdescribe `blogs`[0m
  [4;35;1mSQL (0.8ms)[0m   [0mSHOW KEYS FROM `blogs`[0m
  [4;36;1mSQL (1.1ms)[0m   [0;1mSHOW FIELDS FROM `photo_galleries`[0m
  [4;35;1mSQL (1.7ms)[0m   [0mdescribe `photo_galleries`[0m
  [4;36;1mSQL (0.9ms)[0m   [0;1mSHOW KEYS FROM `photo_galleries`[0m
  [4;35;1mSQL (1.3ms)[0m   [0mSHOW FIELDS FROM `photos`[0m
  [4;36;1mSQL (2.0ms)[0m   [0;1mdescribe `photos`[0m
  [4;35;1mSQL (0.9ms)[0m   [0mSHOW KEYS FROM `photos`[0m
  [4;36;1mSQL (1.3ms)[0m   [0;1mSHOW FIELDS FROM `posts`[0m
  [4;35;1mSQL (2.8ms)[0m   [0mdescribe `posts`[0m
  [4;36;1mSQL (0.8ms)[0m   [0;1mSHOW KEYS FROM `posts`[0m
  [4;36;1mSQL (0.2ms)[0m   [0;1mSET NAMES 'utf8'[0m
  [4;35;1mSQL (0.1ms)[0m   [0mSET SQL_AUTO_IS_NULL=0[0m
  [4;36;1mSQL (0.3ms)[0m   [0;1mSHOW TABLES[0m
  [4;35;1mSQL (0.2ms)[0m   [0mSELECT version FROM schema_migrations[0m
  [4;36;1mSQL (76.3ms)[0m   [0;1mCREATE TABLE `users` (`id` int(11) DEFAULT NULL auto_increment PRIMARY KEY, `username` varchar(255), `email` varchar(255), `password` varchar(255), `persistence_token` varchar(255) NOT NULL, `first_name` varchar(255), `last_name` varchar(255), `last_request_at` datetime, `created_at` datetime, `updated_at` datetime) ENGINE=InnoDB[0m
  [4;35;1mSQL (0.9ms)[0m   [0mINSERT INTO schema_migrations (version) VALUES ('20091027204826')[0m
  [4;36;1mSQL (0.4ms)[0m   [0;1mSHOW TABLES[0m
  [4;35;1mSQL (0.2ms)[0m   [0mSELECT version FROM schema_migrations[0m
  [4;36;1mSQL (0.4ms)[0m   [0;1mSHOW TABLES[0m
  [4;35;1mSQL (1.6ms)[0m   [0mSHOW FIELDS FROM `blogs`[0m
  [4;36;1mSQL (1.8ms)[0m   [0;1mdescribe `blogs`[0m
  [4;35;1mSQL (0.7ms)[0m   [0mSHOW KEYS FROM `blogs`[0m
  [4;36;1mSQL (1.5ms)[0m   [0;1mSHOW FIELDS FROM `photo_galleries`[0m
  [4;35;1mSQL (2.2ms)[0m   [0mdescribe `photo_galleries`[0m
  [4;36;1mSQL (1.0ms)[0m   [0;1mSHOW KEYS FROM `photo_galleries`[0m
  [4;35;1mSQL (1.8ms)[0m   [0mSHOW FIELDS FROM `photos`[0m
  [4;36;1mSQL (2.5ms)[0m   [0;1mdescribe `photos`[0m
  [4;35;1mSQL (1.4ms)[0m   [0mSHOW KEYS FROM `photos`[0m
  [4;36;1mSQL (2.0ms)[0m   [0;1mSHOW FIELDS FROM `posts`[0m
  [4;35;1mSQL (2.1ms)[0m   [0mdescribe `posts`[0m
  [4;36;1mSQL (2.3ms)[0m   [0;1mSHOW KEYS FROM `posts`[0m
  [4;35;1mSQL (1.8ms)[0m   [0mSHOW FIELDS FROM `users`[0m
  [4;36;1mSQL (2.7ms)[0m   [0;1mdescribe `users`[0m
  [4;35;1mSQL (1.3ms)[0m   [0mSHOW KEYS FROM `users`[0m
  [4;36;1mSQL (0.2ms)[0m   [0;1mSET NAMES 'utf8'[0m
  [4;35;1mSQL (0.1ms)[0m   [0mSET SQL_AUTO_IS_NULL=0[0m


Processing UsersController#index (for 127.0.0.1 at 2009-10-27 15:08:33) [GET]
  Parameters: {"action"=>"index", "controller"=>"users"}

ActionController::UnknownAction (No action responded to index. Actions: create, edit, new, and update):
  

Rendering rescues/layout (not_found)
  [4;36;1mSQL (0.1ms)[0m   [0;1mSET NAMES 'utf8'[0m
  [4;35;1mSQL (0.1ms)[0m   [0mSET SQL_AUTO_IS_NULL=0[0m


Processing UsersController#new (for 127.0.0.1 at 2009-10-27 15:08:39) [GET]
  Parameters: {"action"=>"new", "controller"=>"users"}
  [4;36;1mUser Columns (2.0ms)[0m   [0;1mSHOW FIELDS FROM `users`[0m
Rendering template within layouts/application
Rendering users/new
Rendered users/_form (4.4ms)
Completed in 24ms (View: 15, DB: 2) | 200 OK [http://frenzic.com/users/new]
  [4;35;1mSQL (0.1ms)[0m   [0mSET NAMES 'utf8'[0m
  [4;36;1mSQL (0.1ms)[0m   [0;1mSET SQL_AUTO_IS_NULL=0[0m


Processing UsersController#create (for 127.0.0.1 at 2009-10-27 15:08:56) [POST]
  Parameters: {"user"=>{"password_confirmation"=>"[FILTERED]", "username"=>"jmoline", "password"=>"[FILTERED]", "email"=>"jmoline@gmail.com"}, "commit"=>"Submit", "action"=>"create", "authenticity_token"=>"94/Lkc80uLcYgmHnbeDbdDA5kYLln3drl9za3CDvsLs=", "controller"=>"users"}
  [4;35;1mUser Columns (2.0ms)[0m   [0mSHOW FIELDS FROM `users`[0m
  [4;36;1mSQL (0.1ms)[0m   [0;1mBEGIN[0m
  [4;35;1mUser Exists (0.4ms)[0m   [0mSELECT `users`.id FROM `users` WHERE (LOWER(`users`.`email`) = BINARY 'jmoline@gmail.com') LIMIT 1[0m
  [4;36;1mUser Exists (0.4ms)[0m   [0;1mSELECT `users`.id FROM `users` WHERE (LOWER(`users`.`username`) = BINARY 'jmoline') LIMIT 1[0m
  [4;35;1mUser Exists (0.1ms)[0m   [0mSELECT `users`.id FROM `users` WHERE (`users`.`persistence_token` = BINARY 'ab847e8ec7403420686915d09fc3ec9710fc9cab0a6771847f1325d4dcfbab8c06db9253ecde6896dc5c9f5db96beb5d4155ca862aa1250e45a5d217f801d6ea') LIMIT 1[0m
  [4;36;1mUser Create (0.3ms)[0m   [0;1mINSERT INTO `users` (`last_request_at`, `updated_at`, `username`, `persistence_token`, `first_name`, `password`, `last_name`, `email`, `created_at`) VALUES('2009-10-27 22:08:56', '2009-10-27 22:08:56', 'jmoline', 'ab847e8ec7403420686915d09fc3ec9710fc9cab0a6771847f1325d4dcfbab8c06db9253ecde6896dc5c9f5db96beb5d4155ca862aa1250e45a5d217f801d6ea', NULL, 'mojo6656', NULL, 'jmoline@gmail.com', '2009-10-27 22:08:56')[0m
  [4;35;1mSQL (0.6ms)[0m   [0mCOMMIT[0m
Redirected to http://frenzic.com:3000/
Completed in 320ms (DB: 4) | 302 Found [http://frenzic.com/users]
  [4;36;1mSQL (0.1ms)[0m   [0;1mSET NAMES 'utf8'[0m
  [4;35;1mSQL (0.1ms)[0m   [0mSET SQL_AUTO_IS_NULL=0[0m


Processing SiteController#index (for 127.0.0.1 at 2009-10-27 15:08:56) [GET]
  Parameters: {"action"=>"index", "controller"=>"site"}
Rendering template within layouts/application
Rendering site/index
  [4;36;1mUser Columns (1.6ms)[0m   [0;1mSHOW FIELDS FROM `users`[0m
  [4;35;1mUser Load (1.1ms)[0m   [0mSELECT * FROM `users` WHERE (`users`.`persistence_token` = 'ab847e8ec7403420686915d09fc3ec9710fc9cab0a6771847f1325d4dcfbab8c06db9253ecde6896dc5c9f5db96beb5d4155ca862aa1250e45a5d217f801d6ea') LIMIT 1[0m
  [4;36;1mSQL (0.1ms)[0m   [0;1mBEGIN[0m
  [4;35;1mUser Update (0.2ms)[0m   [0mUPDATE `users` SET `updated_at` = '2009-10-27 22:08:56', `last_request_at` = '2009-10-27 22:08:56' WHERE `id` = 1[0m
  [4;36;1mSQL (0.1ms)[0m   [0;1mCOMMIT[0m
Completed in 27ms (View: 23, DB: 3) | 200 OK [http://frenzic.com/]
  [4;35;1mSQL (0.1ms)[0m   [0mSET NAMES 'utf8'[0m
  [4;36;1mSQL (0.1ms)[0m   [0;1mSET SQL_AUTO_IS_NULL=0[0m


Processing UserSessionsController#destroy (for 127.0.0.1 at 2009-10-27 15:15:21) [GET]
  Parameters: {"action"=>"destroy", "controller"=>"user_sessions"}
  [4;35;1mUser Columns (1.6ms)[0m   [0mSHOW FIELDS FROM `users`[0m
  [4;36;1mUser Load (0.2ms)[0m   [0;1mSELECT * FROM `users` WHERE (`users`.`persistence_token` = 'ab847e8ec7403420686915d09fc3ec9710fc9cab0a6771847f1325d4dcfbab8c06db9253ecde6896dc5c9f5db96beb5d4155ca862aa1250e45a5d217f801d6ea') LIMIT 1[0m
  [4;35;1mSQL (0.1ms)[0m   [0mBEGIN[0m
  [4;36;1mUser Update (0.2ms)[0m   [0;1mUPDATE `users` SET `updated_at` = '2009-10-27 22:15:21', `last_request_at` = '2009-10-27 22:15:21' WHERE `id` = 1[0m
  [4;35;1mSQL (1.2ms)[0m   [0mCOMMIT[0m
Redirected to http://frenzic.com:3000/
Completed in 16ms (DB: 4) | 302 Found [http://frenzic.com/logout]
  [4;36;1mSQL (0.1ms)[0m   [0;1mSET NAMES 'utf8'[0m
  [4;35;1mSQL (0.1ms)[0m   [0mSET SQL_AUTO_IS_NULL=0[0m


Processing SiteController#index (for 127.0.0.1 at 2009-10-27 15:15:21) [GET]
  Parameters: {"action"=>"index", "controller"=>"site"}
Rendering template within layouts/application
Rendering site/index
  [4;36;1mUser Columns (1.5ms)[0m   [0;1mSHOW FIELDS FROM `users`[0m
Completed in 13ms (View: 10, DB: 2) | 200 OK [http://frenzic.com/]
